Performing C SOURCE FILE Test CMAKE_HAVE_LIBC_PTHREAD failed with the following output:
Change Dir: /home/grads/a/a.pakbin/survival_analysis/BoXHED2.0/xgboost/build/CMakeFiles/CMakeTmp

Run Build Command(s):/usr/bin/make cmTC_a7e09/fast && /usr/bin/make  -f CMakeFiles/cmTC_a7e09.dir/build.make CMakeFiles/cmTC_a7e09.dir/build
make[1]: Entering directory '/home/grads/a/a.pakbin/survival_analysis/BoXHED2.0/xgboost/build/CMakeFiles/CMakeTmp'
Building C object CMakeFiles/cmTC_a7e09.dir/src.c.o
/usr/bin/cc   -DCMAKE_HAVE_LIBC_PTHREAD -o CMakeFiles/cmTC_a7e09.dir/src.c.o -c /home/grads/a/a.pakbin/survival_analysis/BoXHED2.0/xgboost/build/CMakeFiles/CMakeTmp/src.c
Linking C executable cmTC_a7e09
/home/grads/a/a.pakbin/anaconda3/envs/xgb_/bin/cmake -E cmake_link_script CMakeFiles/cmTC_a7e09.dir/link.txt --verbose=1
/usr/bin/cc  -DCMAKE_HAVE_LIBC_PTHREAD CMakeFiles/cmTC_a7e09.dir/src.c.o -o cmTC_a7e09 
CMakeFiles/cmTC_a7e09.dir/src.c.o: In function `main':
src.c:(.text+0x3c): undefined reference to `pthread_create'
src.c:(.text+0x48): undefined reference to `pthread_detach'
src.c:(.text+0x54): undefined reference to `pthread_cancel'
src.c:(.text+0x65): undefined reference to `pthread_join'
src.c:(.text+0x79): undefined reference to `pthread_atfork'
collect2: error: ld returned 1 exit status
CMakeFiles/cmTC_a7e09.dir/build.make:105: recipe for target 'cmTC_a7e09' failed
make[1]: *** [cmTC_a7e09] Error 1
make[1]: Leaving directory '/home/grads/a/a.pakbin/survival_analysis/BoXHED2.0/xgboost/build/CMakeFiles/CMakeTmp'
Makefile:140: recipe for target 'cmTC_a7e09/fast' failed
make: *** [cmTC_a7e09/fast] Error 2


Source file was:
#include <pthread.h>

void* test_func(void* data)
{
  return data;
}

int main(void)
{
  pthread_t thread;
  pthread_create(&thread, NULL, test_func, NULL);
  pthread_detach(thread);
  pthread_cancel(thread);
  pthread_join(thread, NULL);
  pthread_atfork(NULL, NULL, NULL);
  pthread_exit(NULL);

  return 0;
}

Determining if the function pthread_create exists in the pthreads failed with the following output:
Change Dir: /home/grads/a/a.pakbin/survival_analysis/BoXHED2.0/xgboost/build/CMakeFiles/CMakeTmp

Run Build Command(s):/usr/bin/make cmTC_ac9f9/fast && /usr/bin/make  -f CMakeFiles/cmTC_ac9f9.dir/build.make CMakeFiles/cmTC_ac9f9.dir/build
make[1]: Entering directory '/home/grads/a/a.pakbin/survival_analysis/BoXHED2.0/xgboost/build/CMakeFiles/CMakeTmp'
Building C object CMakeFiles/cmTC_ac9f9.dir/CheckFunctionExists.c.o
/usr/bin/cc   -DCHECK_FUNCTION_EXISTS=pthread_create -o CMakeFiles/cmTC_ac9f9.dir/CheckFunctionExists.c.o -c /home/grads/a/a.pakbin/anaconda3/envs/xgb_/share/cmake-3.18/Modules/CheckFunctionExists.c
Linking C executable cmTC_ac9f9
/home/grads/a/a.pakbin/anaconda3/envs/xgb_/bin/cmake -E cmake_link_script CMakeFiles/cmTC_ac9f9.dir/link.txt --verbose=1
/usr/bin/cc  -DCHECK_FUNCTION_EXISTS=pthread_create CMakeFiles/cmTC_ac9f9.dir/CheckFunctionExists.c.o -o cmTC_ac9f9  -lpthreads 
/usr/bin/ld: cannot find -lpthreads
collect2: error: ld returned 1 exit status
CMakeFiles/cmTC_ac9f9.dir/build.make:105: recipe for target 'cmTC_ac9f9' failed
make[1]: *** [cmTC_ac9f9] Error 1
make[1]: Leaving directory '/home/grads/a/a.pakbin/survival_analysis/BoXHED2.0/xgboost/build/CMakeFiles/CMakeTmp'
Makefile:140: recipe for target 'cmTC_ac9f9/fast' failed
make: *** [cmTC_ac9f9/fast] Error 2



Determining if the fopen64 exist failed with the following output:
Change Dir: /home/grads/a/a.pakbin/survival_analysis/BoXHED2.0/xgboost/build/CMakeFiles/CMakeTmp

Run Build Command(s):/usr/bin/make cmTC_91b56/fast && /usr/bin/make  -f CMakeFiles/cmTC_91b56.dir/build.make CMakeFiles/cmTC_91b56.dir/build
make[1]: Entering directory '/home/grads/a/a.pakbin/survival_analysis/BoXHED2.0/xgboost/build/CMakeFiles/CMakeTmp'
Building C object CMakeFiles/cmTC_91b56.dir/CheckSymbolExists.c.o
/usr/bin/cc    -o CMakeFiles/cmTC_91b56.dir/CheckSymbolExists.c.o -c /home/grads/a/a.pakbin/survival_analysis/BoXHED2.0/xgboost/build/CMakeFiles/CMakeTmp/CheckSymbolExists.c
/home/grads/a/a.pakbin/survival_analysis/BoXHED2.0/xgboost/build/CMakeFiles/CMakeTmp/CheckSymbolExists.c: In function ‘main’:
/home/grads/a/a.pakbin/survival_analysis/BoXHED2.0/xgboost/build/CMakeFiles/CMakeTmp/CheckSymbolExists.c:8:19: error: ‘fopen64’ undeclared (first use in this function)
   return ((int*)(&fopen64))[argc];
                   ^
/home/grads/a/a.pakbin/survival_analysis/BoXHED2.0/xgboost/build/CMakeFiles/CMakeTmp/CheckSymbolExists.c:8:19: note: each undeclared identifier is reported only once for each function it appears in
CMakeFiles/cmTC_91b56.dir/build.make:84: recipe for target 'CMakeFiles/cmTC_91b56.dir/CheckSymbolExists.c.o' failed
make[1]: *** [CMakeFiles/cmTC_91b56.dir/CheckSymbolExists.c.o] Error 1
make[1]: Leaving directory '/home/grads/a/a.pakbin/survival_analysis/BoXHED2.0/xgboost/build/CMakeFiles/CMakeTmp'
Makefile:140: recipe for target 'cmTC_91b56/fast' failed
make: *** [cmTC_91b56/fast] Error 2


File /home/grads/a/a.pakbin/survival_analysis/BoXHED2.0/xgboost/build/CMakeFiles/CMakeTmp/CheckSymbolExists.c:
/* */
#include <stdio.h>

int main(int argc, char** argv)
{
  (void)argv;
#ifndef fopen64
  return ((int*)(&fopen64))[argc];
#else
  (void)argc;
  return 0;
#endif
}
